[debug] [2022-04-29T00:11:47.774Z] ----------------------------------------------------------------------
[debug] [2022-04-29T00:11:47.775Z] Command:       /home/sebastian/.nvm/versions/node/v14.18.0/bin/node /home/sebastian/.nvm/versions/node/v14.18.0/bin/firebase init
[debug] [2022-04-29T00:11:47.776Z] CLI Version:   10.5.0
[debug] [2022-04-29T00:11:47.776Z] Platform:      linux
[debug] [2022-04-29T00:11:47.776Z] Node Version:  v14.18.0
[debug] [2022-04-29T00:11:47.776Z] Time:          Thu Apr 28 2022 19:11:47 GMT-0500 (Central Daylight Time)
[debug] [2022-04-29T00:11:47.776Z] ----------------------------------------------------------------------
[debug] 
[debug] [2022-04-29T00:11:47.778Z] >>> [apiv2][query] GET https://firebase-public.firebaseio.com/cli.json [none]
[debug] [2022-04-29T00:11:47.831Z] > command requires scopes: ["email","openid","https://www.googleapis.com/auth/cloudplatformprojects.readonly","https://www.googleapis.com/auth/firebase","https://www.googleapis.com/auth/cloud-platform"]
[debug] [2022-04-29T00:11:47.831Z] > authorizing via signed-in user (sebastianruizalvarez@gmail.com)
[info] 
     ######## #### ########  ######## ########     ###     ######  ########
     ##        ##  ##     ## ##       ##     ##  ##   ##  ##       ##
     ######    ##  ########  ######   ########  #########  ######  ######
     ##        ##  ##    ##  ##       ##     ## ##     ##       ## ##
     ##       #### ##     ## ######## ########  ##     ##  ######  ########

You're about to initialize a Firebase project in this directory:

  /media/sebastian/almacenamiento/projects/mariscos

Before we get started, keep in mind:

  * You are currently outside your home directory
  * You are initializing within an existing Firebase project directory

[debug] [2022-04-29T00:11:48.035Z] <<< [apiv2][status] GET https://firebase-public.firebaseio.com/cli.json 200
[debug] [2022-04-29T00:11:48.036Z] <<< [apiv2][body] GET https://firebase-public.firebaseio.com/cli.json {"cloudBuildErrorAfter":1594252800000,"cloudBuildWarnAfter":1590019200000,"defaultNode10After":1594252800000,"minVersion":"3.0.5","node8DeploysDisabledAfter":1613390400000,"node8RuntimeDisabledAfter":1615809600000,"node8WarnAfter":1600128000000}
